2019-06-04 13:21:59,481 INFO o.a.j.u.JMeterUtils: Setting Locale to en_US
2019-06-04 13:21:59,511 INFO o.a.j.JMeter: Loading user properties from: user.properties
2019-06-04 13:21:59,516 INFO o.a.j.JMeter: Loading system properties from: system.properties
2019-06-04 13:21:59,517 INFO o.a.j.JMeter: Setting System property: sun.net.http.allowRestrictedHeaders=true
2019-06-04 13:21:59,524 INFO o.a.j.JMeter: Copyright (c) 1998-2019 The Apache Software Foundation
2019-06-04 13:21:59,525 INFO o.a.j.JMeter: Version 5.1.1 r1855137
2019-06-04 13:21:59,525 INFO o.a.j.JMeter: java.version=1.8.0_181
2019-06-04 13:21:59,529 INFO o.a.j.JMeter: java.vm.name=Java HotSpot(TM) 64-Bit Server VM
2019-06-04 13:21:59,529 INFO o.a.j.JMeter: os.name=Windows 10
2019-06-04 13:21:59,529 INFO o.a.j.JMeter: os.arch=amd64
2019-06-04 13:21:59,529 INFO o.a.j.JMeter: os.version=10.0
2019-06-04 13:21:59,530 INFO o.a.j.JMeter: file.encoding=Cp1252
2019-06-04 13:21:59,530 INFO o.a.j.JMeter: java.awt.headless=true
2019-06-04 13:21:59,530 INFO o.a.j.JMeter: Max memory     =514850816
2019-06-04 13:21:59,530 INFO o.a.j.JMeter: Available Processors =4
2019-06-04 13:21:59,539 INFO o.a.j.JMeter: Default Locale=English (United States)
2019-06-04 13:21:59,539 INFO o.a.j.JMeter: JMeter  Locale=English (United States)
2019-06-04 13:21:59,539 INFO o.a.j.JMeter: JMeterHome=D:\jmeter-testproject\target\jmeter
2019-06-04 13:21:59,539 INFO o.a.j.JMeter: user.dir  =D:\jmeter-testproject\target\jmeter\bin
2019-06-04 13:21:59,540 INFO o.a.j.JMeter: PWD       =D:\jmeter-testproject\target\jmeter\bin
2019-06-04 13:21:59,541 INFO o.a.j.JMeter: IP: 172.21.74.253 Name: INAIRLT541061 FullName: INAIRLT541061.PIDC.COM
2019-06-04 13:21:59,544 INFO o.a.j.JMeter: Setting property 'jmeter.reportgenerator.outputdir' to:'D:\jmeter-testproject\target\jmeter\reports\Recording_Autogenerated_script'
2019-06-04 13:21:59,548 INFO o.a.j.s.FileServer: Default base='D:\jmeter-testproject\target\jmeter\bin'
2019-06-04 13:21:59,554 INFO o.a.j.s.FileServer: Set new base='D:\jmeter-testproject\target\jmeter\testFiles'
2019-06-04 13:21:59,861 INFO o.a.j.s.SaveService: Testplan (JMX) version: 2.2. Testlog (JTL) version: 2.2
2019-06-04 13:21:59,880 INFO o.a.j.s.SaveService: Using SaveService properties file encoding UTF-8
2019-06-04 13:21:59,884 INFO o.a.j.s.SaveService: Using SaveService properties version 5.0
2019-06-04 13:21:59,890 INFO o.a.j.s.SaveService: Loading file: D:\jmeter-testproject\target\jmeter\testFiles\Recording_Autogenerated_script.jmx
2019-06-04 13:21:59,937 INFO o.a.j.p.h.c.CookieManager: Settings: Delete null: true Check: true Allow variable: true Save: false Prefix: COOKIE_
2019-06-04 13:22:00,218 INFO o.a.j.p.h.s.HTTPSamplerBase: Parser for text/html is org.apache.jmeter.protocol.http.parser.LagartoBasedHtmlParser
2019-06-04 13:22:00,218 INFO o.a.j.p.h.s.HTTPSamplerBase: Parser for application/xhtml+xml is org.apache.jmeter.protocol.http.parser.LagartoBasedHtmlParser
2019-06-04 13:22:00,218 INFO o.a.j.p.h.s.HTTPSamplerBase: Parser for application/xml is org.apache.jmeter.protocol.http.parser.LagartoBasedHtmlParser
2019-06-04 13:22:00,218 INFO o.a.j.p.h.s.HTTPSamplerBase: Parser for text/xml is org.apache.jmeter.protocol.http.parser.LagartoBasedHtmlParser
2019-06-04 13:22:00,218 INFO o.a.j.p.h.s.HTTPSamplerBase: Parser for text/vnd.wap.wml is org.apache.jmeter.protocol.http.parser.RegexpHTMLParser
2019-06-04 13:22:00,218 INFO o.a.j.p.h.s.HTTPSamplerBase: Parser for text/css is org.apache.jmeter.protocol.http.parser.CssParser
2019-06-04 13:22:00,692 INFO o.a.j.e.KeyToolUtils: keytool found at 'keytool'
2019-06-04 13:22:00,693 INFO o.a.j.p.h.p.ProxyControl: HTTP(S) Test Script Recorder SSL Proxy will use keys that support embedded 3rd party resources in file D:\jmeter-testproject\target\jmeter\bin\proxyserver.jks
2019-06-04 13:22:00,781 INFO o.a.j.JMeter: Creating summariser <summary>
2019-06-04 13:22:00,787 INFO o.a.j.r.d.ReportGenerator: ReportGenerator will use for Parsing the separator: ','
2019-06-04 13:22:00,787 INFO o.a.j.r.d.ReportGenerator: Will generate report at end of test from  results file: D:\jmeter-testproject\target\jmeter\results\20190604-Recording_Autogenerated_script.csv
2019-06-04 13:22:00,788 INFO o.a.j.r.d.ReportGenerator: Reading report generator properties from: D:\jmeter-testproject\target\jmeter\bin\reportgenerator.properties
2019-06-04 13:22:00,793 INFO o.a.j.r.d.ReportGenerator: Merging with JMeter properties
2019-06-04 13:22:00,801 INFO o.a.j.r.c.ReportGeneratorConfiguration: Property 'jmeter.reportgenerator.temp_dir' not found, using default value 'temp' instead.
2019-06-04 13:22:00,804 INFO o.a.j.r.c.ReportGeneratorConfiguration: Property 'jmeter.reportgenerator.apdex_per_transaction' not found, using default value 'null' instead.
2019-06-04 13:22:00,804 INFO o.a.j.r.c.ReportGeneratorConfiguration: apdex_per_transaction : {} is empty, not APDEX per transaction customization
2019-06-04 13:22:00,804 INFO o.a.j.r.c.ReportGeneratorConfiguration: Property 'jmeter.reportgenerator.sample_filter' not found, using default value 'null' instead.
2019-06-04 13:22:00,804 INFO o.a.j.r.c.ReportGeneratorConfiguration: Property 'jmeter.reportgenerator.report_title' not found, using default value 'null' instead.
2019-06-04 13:22:00,805 INFO o.a.j.r.c.ReportGeneratorConfiguration: Property 'jmeter.reportgenerator.start_date' not found, using default value 'null' instead.
2019-06-04 13:22:00,805 INFO o.a.j.r.c.ReportGeneratorConfiguration: Property 'jmeter.reportgenerator.end_date' not found, using default value 'null' instead.
2019-06-04 13:22:00,805 INFO o.a.j.r.c.ReportGeneratorConfiguration: Property 'jmeter.reportgenerator.date_format' not found, using default value 'null' instead.
2019-06-04 13:22:00,805 INFO o.a.j.r.c.ReportGeneratorConfiguration: Will use date range start date: null, end date: null
2019-06-04 13:22:00,809 INFO o.a.j.r.c.ReportGeneratorConfiguration: Property 'jmeter.reportgenerator.graph.totalTPS.exclude_controllers' not found, using default value 'false' instead.
2019-06-04 13:22:00,810 INFO o.a.j.r.c.ReportGeneratorConfiguration: Property 'jmeter.reportgenerator.graph.activeThreadsOverTime.exclude_controllers' not found, using default value 'false' instead.
2019-06-04 13:22:00,810 INFO o.a.j.r.c.ReportGeneratorConfiguration: Property 'jmeter.reportgenerator.graph.timeVsThreads.exclude_controllers' not found, using default value 'false' instead.
2019-06-04 13:22:00,810 INFO o.a.j.r.c.ReportGeneratorConfiguration: Property 'jmeter.reportgenerator.graph.responseTimeDistribution.exclude_controllers' not found, using default value 'false' instead.
2019-06-04 13:22:00,810 INFO o.a.j.r.c.ReportGeneratorConfiguration: Property 'jmeter.reportgenerator.graph.transactionsPerSecond.exclude_controllers' not found, using default value 'false' instead.
2019-06-04 13:22:00,810 INFO o.a.j.r.c.ReportGeneratorConfiguration: Property 'jmeter.reportgenerator.graph.responseTimePercentiles.exclude_controllers' not found, using default value 'false' instead.
2019-06-04 13:22:00,810 INFO o.a.j.r.c.ReportGeneratorConfiguration: Property 'jmeter.reportgenerator.graph.responseTimePercentilesOverTime.exclude_controllers' not found, using default value 'false' instead.
2019-06-04 13:22:00,811 INFO o.a.j.r.c.ReportGeneratorConfiguration: Property 'jmeter.reportgenerator.graph.responseTimesOverTime.exclude_controllers' not found, using default value 'false' instead.
2019-06-04 13:22:00,811 INFO o.a.j.r.c.ReportGeneratorConfiguration: Property 'jmeter.reportgenerator.graph.connectTimeOverTime.exclude_controllers' not found, using default value 'false' instead.
2019-06-04 13:22:00,811 INFO o.a.j.r.c.ReportGeneratorConfiguration: Property 'jmeter.reportgenerator.graph.latenciesOverTime.exclude_controllers' not found, using default value 'false' instead.
2019-06-04 13:22:00,812 INFO o.a.j.r.c.ReportGeneratorConfiguration: Property 'jmeter.reportgenerator.exporter.json.filters_only_sample_series' not found, using default value 'true' instead.
2019-06-04 13:22:00,812 INFO o.a.j.r.c.ReportGeneratorConfiguration: Property 'jmeter.reportgenerator.exporter.json.series_filter' not found, using default value '' instead.
2019-06-04 13:22:00,812 INFO o.a.j.r.c.ReportGeneratorConfiguration: Property 'jmeter.reportgenerator.exporter.json.show_controllers_only' not found, using default value 'false' instead.
2019-06-04 13:22:00,813 INFO o.a.j.r.c.ReportGeneratorConfiguration: Property 'jmeter.reportgenerator.exporter.html.filters_only_sample_series' not found, using default value 'true' instead.
2019-06-04 13:22:00,813 INFO o.a.j.r.c.ReportGeneratorConfiguration: Property 'jmeter.reportgenerator.exporter.html.series_filter' not found, using default value '' instead.
2019-06-04 13:22:00,813 INFO o.a.j.r.c.ReportGeneratorConfiguration: Property 'jmeter.reportgenerator.exporter.html.show_controllers_only' not found, using default value 'false' instead.
2019-06-04 13:22:00,821 INFO o.a.j.e.StandardJMeterEngine: Running the test!
2019-06-04 13:22:00,823 INFO o.a.j.s.SampleEvent: List of sample_variables: []
2019-06-04 13:22:00,823 INFO o.a.j.s.SampleEvent: List of sample_variables: []
2019-06-04 13:22:00,829 INFO o.a.j.e.u.CompoundVariable: Note: Function class names must contain the string: '.functions.'
2019-06-04 13:22:00,830 INFO o.a.j.e.u.CompoundVariable: Note: Function class names must not contain the string: '.gui.'
2019-06-04 13:22:00,960 INFO o.a.j.JMeter: Running test (1559634720960)
2019-06-04 13:22:01,028 INFO o.a.j.e.StandardJMeterEngine: Starting ThreadGroup: 1 : Thread Group
2019-06-04 13:22:01,028 INFO o.a.j.e.StandardJMeterEngine: Starting 3 threads for group Thread Group.
2019-06-04 13:22:01,029 INFO o.a.j.e.StandardJMeterEngine: Thread will continue on error
2019-06-04 13:22:01,029 INFO o.a.j.t.ThreadGroup: Starting thread group... number=1 threads=3 ramp-up=1 delayedStart=false
2019-06-04 13:22:01,053 INFO o.a.j.t.ThreadGroup: Started thread group number 1
2019-06-04 13:22:01,053 INFO o.a.j.e.StandardJMeterEngine: All thread groups have been started
2019-06-04 13:22:01,192 INFO o.a.j.s.SampleResult: Note: Sample TimeStamps are START times
2019-06-04 13:22:01,192 INFO o.a.j.s.SampleResult: sampleresult.default.encoding is set to ISO-8859-1
2019-06-04 13:22:01,193 INFO o.a.j.s.SampleResult: sampleresult.useNanoTime=true
2019-06-04 13:22:01,193 INFO o.a.j.s.SampleResult: sampleresult.nanoThreadSleep=5000
2019-06-04 13:22:01,195 INFO o.a.j.t.JMeterThread: Thread started: Thread Group 1-1
2019-06-04 13:22:01,198 INFO o.a.j.s.FileServer: Stored: D:/jmeterpractice/JmeterDataConfig.csv
2019-06-04 13:22:01,519 INFO o.a.j.t.JMeterThread: Thread started: Thread Group 1-2
2019-06-04 13:22:01,724 INFO o.a.j.p.h.s.HTTPHCAbstractImpl: Local host = INAIRLT541061
2019-06-04 13:22:01,732 INFO o.a.j.p.h.s.HTTPHC4Impl: HTTP request retry count = 0
2019-06-04 13:22:01,847 INFO o.a.j.t.JMeterThread: Thread started: Thread Group 1-3
2019-06-04 13:22:02,402 INFO o.a.j.r.Summariser: summary +      1 in 00:00:01 =    0.7/s Avg:   617 Min:   617 Max:   617 Err:     0 (0.00%) Active: 3 Started: 3 Finished: 0
2019-06-04 13:22:04,200 INFO o.a.j.u.BeanShellTestElement: test2
2019-06-04 13:22:04,200 INFO o.a.j.u.BeanShellTestElement: test2
2019-06-04 13:22:04,210 INFO o.a.j.u.BeanShellTestElement: test2
2019-06-04 13:22:05,027 INFO o.a.j.u.JsseSSLManager: Using default SSL protocol: TLS
2019-06-04 13:22:05,027 INFO o.a.j.u.JsseSSLManager: SSL session context: per-thread
2019-06-04 13:22:06,811 INFO o.a.j.u.BeanShellTestElement: test2
2019-06-04 13:22:06,961 INFO o.a.j.u.BeanShellTestElement: test2
2019-06-04 13:22:06,981 INFO o.a.j.u.BeanShellTestElement: test2
2019-06-04 13:22:09,750 INFO o.a.j.u.BeanShellTestElement: test2
2019-06-04 13:22:09,777 INFO o.a.j.u.BeanShellTestElement: test2
2019-06-04 13:22:09,925 INFO o.a.j.u.BeanShellTestElement: test2
2019-06-04 13:22:12,528 INFO o.a.j.u.BeanShellTestElement: test2
2019-06-04 13:22:12,682 INFO o.a.j.u.BeanShellTestElement: test2
2019-06-04 13:22:12,751 INFO o.a.j.u.BeanShellTestElement: test2
2019-06-04 13:22:15,389 INFO o.a.j.u.BeanShellTestElement: test2
2019-06-04 13:22:15,514 INFO o.a.j.u.BeanShellTestElement: test2
2019-06-04 13:22:15,629 INFO o.a.j.u.BeanShellTestElement: test2
2019-06-04 13:22:16,383 INFO o.a.j.t.JMeterThread: Thread is done: Thread Group 1-3
2019-06-04 13:22:16,383 INFO o.a.j.t.JMeterThread: Thread finished: Thread Group 1-3
2019-06-04 13:22:16,494 INFO o.a.j.t.JMeterThread: Thread is done: Thread Group 1-2
2019-06-04 13:22:16,496 INFO o.a.j.t.JMeterThread: Thread finished: Thread Group 1-2
2019-06-04 13:22:16,588 INFO o.a.j.t.JMeterThread: Thread is done: Thread Group 1-1
2019-06-04 13:22:16,589 INFO o.a.j.t.JMeterThread: Thread finished: Thread Group 1-1
2019-06-04 13:22:16,589 INFO o.a.j.e.StandardJMeterEngine: Notifying test listeners of end of test
2019-06-04 13:22:16,590 INFO o.a.j.s.FileServer: Close: D:/jmeterpractice/JmeterDataConfig.csv
2019-06-04 13:22:16,593 INFO o.a.j.r.Summariser: summary +    254 in 00:00:14 =   17.9/s Avg:   169 Min:   127 Max:   617 Err:     0 (0.00%) Active: 0 Started: 3 Finished: 3
2019-06-04 13:22:16,595 INFO o.a.j.r.Summariser: summary =    255 in 00:00:16 =   16.3/s Avg:   171 Min:   127 Max:   617 Err:     0 (0.00%)
2019-06-04 13:22:16,595 INFO o.a.j.JMeter: Generating Dashboard
2019-06-04 13:22:16,596 INFO o.a.j.r.d.ReportGenerator: Flushing result collector before report Generation
2019-06-04 13:22:16,628 INFO o.a.j.r.p.NormalizerSampleConsumer: Using format, 'ms', to parse timeStamp field
2019-06-04 13:22:16,833 INFO o.a.j.r.p.AbstractSampleConsumer: class org.apache.jmeter.report.processor.AggregateConsumer#stopProducing(): beginDate produced 0 samples
2019-06-04 13:22:16,833 INFO o.a.j.r.p.AbstractSampleConsumer: class org.apache.jmeter.report.processor.AggregateConsumer#stopProducing(): endDate produced 0 samples
2019-06-04 13:22:16,835 INFO o.a.j.r.p.AbstractSampleConsumer: class org.apache.jmeter.report.processor.ApdexSummaryConsumer#stopProducing(): apdexSummary produced 0 samples
2019-06-04 13:22:16,835 INFO o.a.j.r.p.AbstractSampleConsumer: class org.apache.jmeter.report.processor.RequestsSummaryConsumer#stopProducing(): requestsSummary produced 0 samples
2019-06-04 13:22:16,841 INFO o.a.j.r.p.AbstractSampleConsumer: class org.apache.jmeter.report.processor.StatisticsSummaryConsumer#stopProducing(): statisticsSummary produced 0 samples
2019-06-04 13:22:16,871 INFO o.a.j.r.p.AbstractSampleConsumer: class org.apache.jmeter.report.processor.Top5ErrorsBySamplerConsumer#stopProducing(): top5ErrorsBySampler produced 0 samples
2019-06-04 13:22:16,872 INFO o.a.j.r.p.AbstractSampleConsumer: class org.apache.jmeter.report.processor.ErrorsSummaryConsumer#stopProducing(): errorsSummary produced 0 samples
2019-06-04 13:22:16,872 INFO o.a.j.r.p.AbstractSampleConsumer: class org.apache.jmeter.report.processor.graph.impl.HitsPerSecondGraphConsumer#stopProducing(): hitsPerSecond produced 0 samples
2019-06-04 13:22:16,894 INFO o.a.j.r.p.AbstractSampleConsumer: class org.apache.jmeter.report.processor.graph.impl.LatencyVSRequestGraphConsumer#stopProducing(): latencyVsRequest produced 0 samples
2019-06-04 13:22:16,895 INFO o.a.j.r.p.AbstractSampleConsumer: class org.apache.jmeter.report.processor.graph.impl.SyntheticResponseTimeDistributionGraphConsumer#stopProducing(): syntheticResponseTimeDistribution produced 0 samples
2019-06-04 13:22:16,895 INFO o.a.j.r.p.AbstractSampleConsumer: class org.apache.jmeter.report.processor.graph.impl.BytesThroughputGraphConsumer#stopProducing(): bytesThroughputOverTime produced 0 samples
2019-06-04 13:22:16,895 INFO o.a.j.r.p.AbstractSampleConsumer: class org.apache.jmeter.report.processor.graph.impl.CodesPerSecondGraphConsumer#stopProducing(): codesPerSecond produced 0 samples
2019-06-04 13:22:16,911 INFO o.a.j.r.p.AbstractSampleConsumer: class org.apache.jmeter.report.processor.graph.impl.ResponseTimeVSRequestGraphConsumer#stopProducing(): responseTimeVsRequest produced 0 samples
2019-06-04 13:22:16,911 INFO o.a.j.r.p.AbstractSampleConsumer: class org.apache.jmeter.report.processor.FilterConsumer#stopProducing(): startIntervalControlerFilter produced 2100 samples
2019-06-04 13:22:16,911 INFO o.a.j.r.p.AbstractSampleConsumer: class org.apache.jmeter.report.processor.graph.impl.TotalTPSGraphConsumer#stopProducing(): totalTPS produced 0 samples
2019-06-04 13:22:16,912 INFO o.a.j.r.p.AbstractSampleConsumer: class org.apache.jmeter.report.processor.graph.impl.ActiveThreadsGraphConsumer#stopProducing(): activeThreadsOverTime produced 0 samples
2019-06-04 13:22:16,912 INFO o.a.j.r.p.AbstractSampleConsumer: class org.apache.jmeter.report.processor.graph.impl.TimeVSThreadGraphConsumer#stopProducing(): timeVsThreads produced 0 samples
2019-06-04 13:22:16,912 INFO o.a.j.r.p.AbstractSampleConsumer: class org.apache.jmeter.report.processor.graph.impl.ResponseTimeDistributionGraphConsumer#stopProducing(): responseTimeDistribution produced 0 samples
2019-06-04 13:22:16,913 INFO o.a.j.r.p.AbstractSampleConsumer: class org.apache.jmeter.report.processor.graph.impl.TransactionsPerSecondGraphConsumer#stopProducing(): transactionsPerSecond produced 0 samples
2019-06-04 13:22:16,913 INFO o.a.j.r.p.AbstractSampleConsumer: class org.apache.jmeter.report.processor.graph.impl.ResponseTimePercentilesGraphConsumer#stopProducing(): responseTimePercentiles produced 0 samples
2019-06-04 13:22:16,918 INFO o.a.j.r.p.AbstractSampleConsumer: class org.apache.jmeter.report.processor.graph.impl.ResponseTimePercentilesOverTimeGraphConsumer#stopProducing(): responseTimePercentilesOverTime produced 0 samples
2019-06-04 13:22:16,918 INFO o.a.j.r.p.AbstractSampleConsumer: class org.apache.jmeter.report.processor.graph.impl.ResponseTimeOverTimeGraphConsumer#stopProducing(): responseTimesOverTime produced 0 samples
2019-06-04 13:22:16,919 INFO o.a.j.r.p.AbstractSampleConsumer: class org.apache.jmeter.report.processor.graph.impl.ConnectTimeOverTimeGraphConsumer#stopProducing(): connectTimeOverTime produced 0 samples
2019-06-04 13:22:16,919 INFO o.a.j.r.p.AbstractSampleConsumer: class org.apache.jmeter.report.processor.graph.impl.LatencyOverTimeGraphConsumer#stopProducing(): latenciesOverTime produced 0 samples
2019-06-04 13:22:16,919 INFO o.a.j.r.p.AbstractSampleConsumer: class org.apache.jmeter.report.processor.FilterConsumer#stopProducing(): nameFilter produced 5175 samples
2019-06-04 13:22:16,919 INFO o.a.j.r.p.AbstractSampleConsumer: class org.apache.jmeter.report.processor.FilterConsumer#stopProducing(): dateRangeFilter produced 1035 samples
2019-06-04 13:22:16,919 INFO o.a.j.r.p.AbstractSampleConsumer: class org.apache.jmeter.report.processor.NormalizerSampleConsumer#stopProducing(): normalizer produced 345 samples
2019-06-04 13:22:16,919 INFO o.a.j.r.p.CsvFileSampleSource: produce(): 345 samples produced in 267ms on channel 0
2019-06-04 13:22:16,920 INFO o.a.j.r.d.ReportGenerator: Exporting data using exporter:'json' of className:'org.apache.jmeter.report.dashboard.JsonExporter'
2019-06-04 13:22:16,921 INFO o.a.j.r.d.JsonExporter: Found data for consumer statisticsSummary in context
2019-06-04 13:22:16,922 INFO o.a.j.r.d.JsonExporter: Creating statistics for overall
2019-06-04 13:22:16,922 INFO o.a.j.r.d.JsonExporter: Creating statistics for other transactions
2019-06-04 13:22:16,922 INFO o.a.j.r.d.JsonExporter: Checking output folder
2019-06-04 13:22:16,923 INFO o.a.j.r.d.JsonExporter: Writing statistics JSON to D:\jmeter-testproject\target\jmeter\reports\Recording_Autogenerated_script\statistics.json
2019-06-04 13:22:17,087 INFO o.a.j.r.d.ReportGenerator: Exporting data using exporter:'html' of className:'org.apache.jmeter.report.dashboard.HtmlTemplateExporter'
2019-06-04 13:22:17,091 INFO o.a.j.r.d.HtmlTemplateExporter: Will generate dashboard in folder: D:\jmeter-testproject\target\jmeter\reports\Recording_Autogenerated_script
2019-06-04 13:22:17,207 INFO o.a.j.r.d.HtmlTemplateExporter: Report will be generated in: D:\jmeter-testproject\target\jmeter\reports\Recording_Autogenerated_script, creating folder structure
2019-06-04 13:22:17,210 INFO o.a.j.r.d.TemplateVisitor: Copying folder from 'D:\jmeter-testproject\target\jmeter\bin\report-template' to 'D:\jmeter-testproject\target\jmeter\reports\Recording_Autogenerated_script', got message:[D:\jmeter-testproject\target\jmeter\reports\Recording_Autogenerated_script\statistics.json], found non empty folder with following content {}, will be ignored
2019-06-04 13:22:17,787 INFO o.a.j.JMeter: Dashboard generated
